\BOOKMARK [1][-]{section.1}{\376\377\000C\000M\000\040\0001\000\040\000-\000\040\0002\000\040\000s\000e\000p\000t\000e\000m\000b\000r\000e\000\040\0002\0000\0002\0002}{}% 1
\BOOKMARK [2][-]{subsection.1.1}{\376\377\000I\000n\000t\000r\000o\000d\000u\000c\000t\000i\000o\000n}{section.1}% 2
\BOOKMARK [2][-]{subsection.1.2}{\376\377\000P\000o\000u\000r\000q\000u\000o\000i\000\040\000u\000t\000i\000l\000i\000s\000e\000r\000\040\000B\000G\000P}{section.1}% 3
\BOOKMARK [2][-]{subsection.1.3}{\376\377\000B\000G\000P\000\040\000-\000\040\000c\000o\000n\000c\000e\000t\000p\000s\000\040\000d\000e\000\040\000b\000a\000s\000e}{section.1}% 4
\BOOKMARK [1][-]{section.2}{\376\377\000T\000D\000\040\0001\000\040\000-\000\040\0007\000\040\000s\000e\000p\000t\000e\000m\000b\000r\000e\000\040\0002\0000\0002\0002}{}% 5
\BOOKMARK [2][-]{subsection.2.1}{\376\377\000E\000x\000e\000r\000c\000i\000c\000e\000\040\0001}{section.2}% 6
\BOOKMARK [3][-]{subsubsection.2.1.1}{\376\377\000Q\000u\000e\000s\000t\000i\000o\000n\000\040\0001}{subsection.2.1}% 7
\BOOKMARK [3][-]{subsubsection.2.1.2}{\376\377\000Q\000u\000e\000s\000t\000i\000o\000n\000\040\0002}{subsection.2.1}% 8
\BOOKMARK [3][-]{subsubsection.2.1.3}{\376\377\000Q\000u\000e\000s\000t\000i\000o\000n\000\040\0003}{subsection.2.1}% 9
\BOOKMARK [3][-]{subsubsection.2.1.4}{\376\377\000Q\000u\000e\000s\000t\000i\000o\000n\000\040\0004}{subsection.2.1}% 10
\BOOKMARK [3][-]{subsubsection.2.1.5}{\376\377\000Q\000u\000e\000s\000t\000i\000o\000n\000\040\0005}{subsection.2.1}% 11
\BOOKMARK [3][-]{subsubsection.2.1.6}{\376\377\000Q\000u\000e\000s\000t\000i\000o\000n\000\040\0006}{subsection.2.1}% 12
\BOOKMARK [3][-]{subsubsection.2.1.7}{\376\377\000Q\000u\000e\000s\000t\000i\000o\000n\000\040\0007}{subsection.2.1}% 13
\BOOKMARK [3][-]{subsubsection.2.1.8}{\376\377\000Q\000u\000e\000s\000t\000i\000o\000n\000\040\0008}{subsection.2.1}% 14
\BOOKMARK [3][-]{subsubsection.2.1.9}{\376\377\000Q\000u\000e\000s\000t\000i\000o\000n\000\040\0009}{subsection.2.1}% 15
\BOOKMARK [3][-]{subsubsection.2.1.10}{\376\377\000Q\000u\000e\000s\000t\000i\000o\000n\000\040\0001\0000}{subsection.2.1}% 16
\BOOKMARK [3][-]{subsubsection.2.1.11}{\376\377\000Q\000u\000e\000s\000t\000i\000o\000n\000\040\0001\0001}{subsection.2.1}% 17
\BOOKMARK [3][-]{subsubsection.2.1.12}{\376\377\000Q\000u\000e\000s\000t\000i\000o\000n\000\040\0001\0002}{subsection.2.1}% 18
\BOOKMARK [3][-]{subsubsection.2.1.13}{\376\377\000Q\000u\000e\000s\000t\000i\000o\000n\000\040\0001\0003}{subsection.2.1}% 19
\BOOKMARK [2][-]{subsection.2.2}{\376\377\000E\000x\000e\000r\000c\000i\000c\000e\000\040\0002}{section.2}% 20
\BOOKMARK [3][-]{subsubsection.2.2.1}{\376\377\000Q\000u\000e\000s\000t\000i\000o\000n\000\040\0001}{subsection.2.2}% 21
\BOOKMARK [1][-]{section.3}{\376\377\000C\000M\000\040\0002\000\040\000-\000\040\0008\000\040\000s\000e\000p\000t\000e\000m\000b\000r\000e\000\040\0002\0000\0002\0002}{}% 22
\BOOKMARK [2][-]{subsection.3.1}{\376\377\000M\000P\000L\000S}{section.3}% 23
\BOOKMARK [3][-]{subsubsection.3.1.1}{\376\377\000D\000\351\000f\000i\000n\000i\000t\000i\000o\000n}{subsection.3.1}% 24
\BOOKMARK [3][-]{subsubsection.3.1.2}{\376\377\000E\000x\000p\000l\000i\000c\000a\000t\000i\000o\000n}{subsection.3.1}% 25
\BOOKMARK [2][-]{subsection.3.2}{\376\377\000L\000D\000P}{section.3}% 26
\BOOKMARK [3][-]{subsubsection.3.2.1}{\376\377\000D\000\351\000f\000i\000n\000i\000t\000i\000o\000n}{subsection.3.2}% 27
\BOOKMARK [3][-]{subsubsection.3.2.2}{\376\377\000E\000x\000p\000l\000i\000c\000a\000t\000i\000o\000n}{subsection.3.2}% 28
